#
# There is insufficient memory for the Java Runtime Environment to continue.
# Native memory allocation (malloc) failed to allocate 1120256 bytes for Chunk::new
# Possible reasons:
#   The system is out of physical RAM or swap space
#   In 32 bit mode, the process size limit was hit
# Possible solutions:
#   Reduce memory load on the system
#   Increase physical memory or swap space
#   Check if swap backing store is full
#   Use 64 bit Java on a 64 bit OS
#   Decrease Java heap size (-Xmx/-Xms)
#   Decrease number of Java threads
#   Decrease Java thread stack sizes (-Xss)
#   Set larger code cache with -XX:ReservedCodeCacheSize=
# This output file may be truncated or incomplete.
#
#  Out of Memory Error (allocation.cpp:390), pid=10432, tid=0x00000000000039d0
#
# JRE version: OpenJDK Runtime Environment (8.0_152-b06) (build 1.8.0_152-release-1136-b06)
# Java VM: OpenJDK 64-Bit Server VM (25.152-b06 mixed mode windows-amd64 compressed oops)
# Failed to write core dump. Minidumps are not enabled by default on client versions of Windows
#

---------------  T H R E A D  ---------------

Current thread (0x0000000016ce9000):  JavaThread "C2 CompilerThread1" daemon [_thread_in_native, id=14800, stack(0x0000000018430000,0x0000000018530000)]

Stack: [0x0000000018430000,0x0000000018530000]
[error occurred during error reporting (printing stack bounds), id 0xc0000005]

Native frames: (J=compiled Java code, j=interpreted, Vv=VM code, C=native code)


Current CompileTask:
C2:7046321 17355       4       org.gradle.api.internal.project.taskfactory.DefaultTaskClassValidatorExtractor::createProperty (71 bytes)


---------------  P R O C E S S  ---------------

Java Threads: ( => current thread )
  0x000000001fb1f800 JavaThread "Task worker for ':' Thread 3" [_thread_blocked, id=16452, stack(0x00000000301a0000,0x00000000302a0000)]
  0x000000001fb1c800 JavaThread "Task worker for ':' Thread 2" [_thread_in_native, id=16328, stack(0x00000000300a0000,0x00000000301a0000)]
  0x000000001fb18000 JavaThread "Task worker for ':'" [_thread_blocked, id=16548, stack(0x000000002ffa0000,0x00000000300a0000)]
  0x000000001fb19800 JavaThread "Cache worker for Build Output Cleanup Cache (D:\Documents\GitHub\DoAnNMDiDong\QuanLyTienNo\LoanManagementApp\.gradle\buildOutputCleanup)" [_thread_blocked, id=8364, stack(0x000000002fea0000,0x000000002ffa0000)]
  0x000000001fb19000 JavaThread "Cache worker for task history cache (D:\Documents\GitHub\DoAnNMDiDong\QuanLyTienNo\LoanManagementApp\.gradle\4.4\taskHistory)" [_thread_blocked, id=17344, stack(0x000000002fda0000,0x000000002fea0000)]
  0x000000001fb1e000 JavaThread "Cache worker for file content cache (D:\Documents\GitHub\DoAnNMDiDong\QuanLyTienNo\LoanManagementApp\.gradle\4.4\fileContent)" [_thread_blocked, id=16664, stack(0x000000002fca0000,0x000000002fda0000)]
  0x000000001fb10800 JavaThread "build operations Thread 4" [_thread_blocked, id=15988, stack(0x000000002fba0000,0x000000002fca0000)]
  0x000000001fb17800 JavaThread "build operations Thread 3" [_thread_blocked, id=17176, stack(0x000000002faa0000,0x000000002fba0000)]
  0x000000001fb13000 JavaThread "build operations Thread 2" [_thread_blocked, id=16608, stack(0x000000002f9a0000,0x000000002faa0000)]
  0x000000001fb16800 JavaThread "build operations" [_thread_blocked, id=17072, stack(0x000000002f8a0000,0x000000002f9a0000)]
  0x000000001fb12000 JavaThread "Cache worker for Artifact transforms cache (C:\Users\redbe\.gradle\caches\transforms-1)" [_thread_blocked, id=6236, stack(0x000000002f7a0000,0x000000002f8a0000)]
  0x000000001fb11800 JavaThread "Cache worker for file hash cache (D:\Documents\GitHub\DoAnNMDiDong\QuanLyTienNo\LoanManagementApp\.gradle\4.4\fileHashes)" [_thread_blocked, id=16996, stack(0x000000002f6a0000,0x000000002f7a0000)]
  0x000000001fb16000 JavaThread "Stdin handler" [_thread_blocked, id=16256, stack(0x000000002f5a0000,0x000000002f6a0000)]
  0x000000001fb15000 JavaThread "Asynchronous log dispatcher for DefaultDaemonConnection: socket connection from /127.0.0.1:63610 to /127.0.0.1:50419" [_thread_blocked, id=17396, stack(0x000000002f4a0000,0x000000002f5a0000)]
  0x000000001fb14800 JavaThread "Daemon worker Thread 5" [_thread_blocked, id=13208, stack(0x000000002f3a0000,0x000000002f4a0000)]
  0x000000001bc40800 JavaThread "Cancel handler" [_thread_blocked, id=16564, stack(0x000000002f2a0000,0x000000002f3a0000)]
  0x000000001bc45000 JavaThread "Handler for socket connection from /127.0.0.1:63610 to /127.0.0.1:50419" [_thread_in_native, id=15132, stack(0x000000002f1a0000,0x000000002f2a0000)]
  0x000000001bc47800 JavaThread "Daemon Thread 5" [_thread_blocked, id=16916, stack(0x000000002f0a0000,0x000000002f1a0000)]
  0x000000001bc41800 JavaThread "Memory manager" [_thread_blocked, id=2344, stack(0x0000000021b20000,0x0000000021c20000)]
  0x000000001bc46000 JavaThread "pool-1-thread-1" [_thread_blocked, id=11576, stack(0x0000000021820000,0x0000000021920000)]
  0x0000000019da1800 JavaThread "File lock request listener" [_thread_in_native, id=8924, stack(0x000000001b780000,0x000000001b880000)]
  0x0000000019d7b800 JavaThread "Cache worker for file hash cache (C:\Users\redbe\.gradle\caches\4.4\fileHashes)" [_thread_blocked, id=1052, stack(0x000000001b680000,0x000000001b780000)]
  0x0000000019bb0000 JavaThread "Daemon periodic checks" [_thread_blocked, id=3120, stack(0x000000001ab80000,0x000000001ac80000)]
  0x0000000019bb5800 JavaThread "Incoming local TCP Connector on port 63610" [_thread_in_native, id=1628, stack(0x000000001a940000,0x000000001aa40000)]
  0x0000000016d3e800 JavaThread "Service Thread" daemon [_thread_blocked, id=9252, stack(0x0000000018a30000,0x0000000018b30000)]
  0x0000000016ced000 JavaThread "C1 CompilerThread2" daemon [_thread_blocked, id=14228, stack(0x0000000018530000,0x0000000018630000)]
=>0x0000000016ce9000 JavaThread "C2 CompilerThread1" daemon [_thread_in_native, id=14800, stack(0x0000000018430000,0x0000000018530000)]
  0x0000000016ce6000 JavaThread "C2 CompilerThread0" daemon [_thread_in_native, id=12916, stack(0x0000000018330000,0x0000000018430000)]
  0x0000000016ce3800 JavaThread "Attach Listener" daemon [_thread_blocked, id=4868, stack(0x0000000018230000,0x0000000018330000)]
  0x0000000016d32800 JavaThread "Signal Dispatcher" daemon [_thread_blocked, id=10956, stack(0x0000000018130000,0x0000000018230000)]
  0x000000000336d000 JavaThread "Finalizer" daemon [_thread_blocked, id=14688, stack(0x0000000017f40000,0x0000000018040000)]
  0x0000000003362000 JavaThread "Reference Handler" daemon [_thread_blocked, id=13044, stack(0x0000000017e40000,0x0000000017f40000)]
  0x0000000003272800 JavaThread "main" [_thread_blocked, id=10532, stack(0x0000000003090000,0x0000000003190000)]

Other Threads:
  0x0000000016ca5000 VMThread [stack: 0x0000000017d40000,0x0000000017e40000] [id=1696]
  0x000000001869b800 WatcherThread [stack: 0x0000000018b30000,0x0000000018c30000] [id=13292]

VM state:not at safepoint (normal execution)

VM Mutex/Monitor currently owned by a thread: None

Heap:
 PSYoungGen      total 497152K, used 236412K [0x00000000e0000000, 0x0000000100000000, 0x0000000100000000)
  eden space 471040K, 46% used [0x00000000e0000000,0x00000000ed5c3ef8,0x00000000fcc00000)
  from space 26112K, 67% used [0x00000000fe680000,0x00000000ff79b388,0x0000000100000000)
  to   space 26624K, 0% used [0x00000000fcc00000,0x00000000fcc00000,0x00000000fe600000)
 ParOldGen       total 137216K, used 71335K [0x00000000a0000000, 0x00000000a8600000, 0x00000000e0000000)
  object space 137216K, 51% used [0x00000000a0000000,0x00000000a45a9fd0,0x00000000a8600000)
 Metaspace       used 84600K, capacity 88952K, committed 89216K, reserved 1126400K
  class space    used 10897K, capacity 11828K, committed 11904K, reserved 1048576K

Card table byte_map: [0x0000000012730000,0x0000000012a40000] byte_map_base: 0x0000000012230000

Marking Bits: (ParMarkBitMap*) 0x0000000075e65aa0
 Begin Bits: [0x0000000013040000, 0x0000000014840000)
 End Bits:   [0x0000000014840000, 0x0000000016040000)

Polling page: 0x0000000001260000

CodeCache: size=245760Kb used=46452Kb max_used=47206Kb free=199307Kb
 bounds [0x0000000003370000, 0x00000000061d0000, 0x0000000012370000]
 total_blobs=14905 nmethods=14042 adapters=775
 compilation: enabled

Compilation events (10 events):
Event: 7045.397 Thread 0x0000000016ced000 17486       3       org.gradle.api.internal.changedetection.rules.CachingTaskStateChanges::<init> (26 bytes)
Event: 7045.397 Thread 0x0000000016ced000 nmethod 17486 0x0000000004a780d0 code [0x0000000004a78260, 0x0000000004a78630]
Event: 7045.398 Thread 0x0000000016ced000 17488       3       java.lang.management.MemoryUsage::<init> (284 bytes)
Event: 7045.400 Thread 0x0000000016ced000 nmethod 17488 0x0000000004f86ad0 code [0x0000000004f87000, 0x0000000004f8a4b8]
Event: 7045.400 Thread 0x0000000016ced000 17490       3       org.gradle.internal.logging.events.StyledTextOutputEvent::<init> (24 bytes)
Event: 7045.401 Thread 0x0000000016ced000 nmethod 17490 0x0000000004a778d0 code [0x0000000004a77a60, 0x0000000004a77e48]
Event: 7045.401 Thread 0x0000000016ced000 17489       3       java.lang.management.MemoryUsage::getUsed (5 bytes)
Event: 7045.401 Thread 0x0000000016ced000 nmethod 17489 0x0000000004f867d0 code [0x0000000004f86920, 0x0000000004f86a70]
Event: 7045.423 Thread 0x0000000016ced000 17492       3       org.gradle.internal.classloader.VisitableURLClassLoader$Spec::<init> (10 bytes)
Event: 7045.423 Thread 0x0000000016ced000 nmethod 17492 0x0000000005969890 code [0x0000000005969a00, 0x0000000005969c30]

GC Heap History (10 events):
Event: 231.818 GC heap before
{Heap before GC invocations=15 (full 3):
 PSYoungGen      total 238592K, used 215552K [0x00000000e0000000, 0x00000000f6180000, 0x0000000100000000)
  eden space 215552K, 100% used [0x00000000e0000000,0x00000000ed280000,0x00000000ed280000)
  from space 23040K, 0% used [0x00000000ed280000,0x00000000ed280000,0x00000000ee900000)
  to   space 22528K, 0% used [0x00000000f4b80000,0x00000000f4b80000,0x00000000f6180000)
 ParOldGen       total 137216K, used 46476K [0x00000000a0000000, 0x00000000a8600000, 0x00000000e0000000)
  object space 137216K, 33% used [0x00000000a0000000,0x00000000a2d632e0,0x00000000a8600000)
 Metaspace       used 63236K, capacity 65616K, committed 65920K, reserved 1105920K
  class space    used 8407K, capacity 9003K, committed 9088K, reserved 1048576K
Event: 231.838 GC heap after
Heap after GC invocations=15 (full 3):
 PSYoungGen      total 305152K, used 11307K [0x00000000e0000000, 0x00000000f5700000, 0x0000000100000000)
  eden space 293376K, 0% used [0x00000000e0000000,0x00000000e0000000,0x00000000f1e80000)
  from space 11776K, 96% used [0x00000000f4b80000,0x00000000f568aec0,0x00000000f5700000)
  to   space 22016K, 0% used [0x00000000f2c00000,0x00000000f2c00000,0x00000000f4180000)
 ParOldGen       total 137216K, used 46484K [0x00000000a0000000, 0x00000000a8600000, 0x00000000e0000000)
  object space 137216K, 33% used [0x00000000a0000000,0x00000000a2d652e0,0x00000000a8600000)
 Metaspace       used 63236K, capacity 65616K, committed 65920K, reserved 1105920K
  class space    used 8407K, capacity 9003K, committed 9088K, reserved 1048576K
}
Event: 257.405 GC heap before
{Heap before GC invocations=16 (full 3):
 PSYoungGen      total 305152K, used 304683K [0x00000000e0000000, 0x00000000f5700000, 0x0000000100000000)
  eden space 293376K, 100% used [0x00000000e0000000,0x00000000f1e80000,0x00000000f1e80000)
  from space 11776K, 96% used [0x00000000f4b80000,0x00000000f568aec0,0x00000000f5700000)
  to   space 22016K, 0% used [0x00000000f2c00000,0x00000000f2c00000,0x00000000f4180000)
 ParOldGen       total 137216K, used 46484K [0x00000000a0000000, 0x00000000a8600000, 0x00000000e0000000)
  object space 137216K, 33% used [0x00000000a0000000,0x00000000a2d652e0,0x00000000a8600000)
 Metaspace       used 67660K, capacity 70352K, committed 70400K, reserved 1110016K
  class space    used 8779K, capacity 9433K, committed 9472K, reserved 1048576K
Event: 257.429 GC heap after
Heap after GC invocations=16 (full 3):
 PSYoungGen      total 329216K, used 9900K [0x00000000e0000000, 0x00000000fa300000, 0x0000000100000000)
  eden space 307200K, 0% used [0x00000000e0000000,0x00000000e0000000,0x00000000f2c00000)
  from space 22016K, 44% used [0x00000000f2c00000,0x00000000f35ab0f0,0x00000000f4180000)
  to   space 20992K, 0% used [0x00000000f8e80000,0x00000000f8e80000,0x00000000fa300000)
 ParOldGen       total 137216K, used 52563K [0x00000000a0000000, 0x00000000a8600000, 0x00000000e0000000)
  object space 137216K, 38% used [0x00000000a0000000,0x00000000a3354cf0,0x00000000a8600000)
 Metaspace       used 67660K, capacity 70352K, committed 70400K, reserved 1110016K
  class space    used 8779K, capacity 9433K, committed 9472K, reserved 1048576K
}
Event: 6790.367 GC heap before
{Heap before GC invocations=17 (full 3):
 PSYoungGen      total 329216K, used 317100K [0x00000000e0000000, 0x00000000fa300000, 0x0000000100000000)
  eden space 307200K, 100% used [0x00000000e0000000,0x00000000f2c00000,0x00000000f2c00000)
  from space 22016K, 44% used [0x00000000f2c00000,0x00000000f35ab0f0,0x00000000f4180000)
  to   space 20992K, 0% used [0x00000000f8e80000,0x00000000f8e80000,0x00000000fa300000)
 ParOldGen       total 137216K, used 52563K [0x00000000a0000000, 0x00000000a8600000, 0x00000000e0000000)
  object space 137216K, 38% used [0x00000000a0000000,0x00000000a3354cf0,0x00000000a8600000)
 Metaspace       used 73540K, capacity 76594K, committed 76800K, reserved 1116160K
  class space    used 9474K, capacity 10199K, committed 10240K, reserved 1048576K
Event: 6790.449 GC heap after
Heap after GC invocations=17 (full 3):
 PSYoungGen      total 402944K, used 20985K [0x00000000e0000000, 0x00000000fb200000, 0x0000000100000000)
  eden space 381952K, 0% used [0x00000000e0000000,0x00000000e0000000,0x00000000f7500000)
  from space 20992K, 99% used [0x00000000f8e80000,0x00000000fa2fe478,0x00000000fa300000)
  to   space 26112K, 0% used [0x00000000f7500000,0x00000000f7500000,0x00000000f8e80000)
 ParOldGen       total 137216K, used 58906K [0x00000000a0000000, 0x00000000a8600000, 0x00000000e0000000)
  object space 137216K, 42% used [0x00000000a0000000,0x00000000a39868a0,0x00000000a8600000)
 Metaspace       used 73540K, capacity 76594K, committed 76800K, reserved 1116160K
  class space    used 9474K, capacity 10199K, committed 10240K, reserved 1048576K
}
Event: 6869.611 GC heap before
{Heap before GC invocations=18 (full 3):
 PSYoungGen      total 402944K, used 402875K [0x00000000e0000000, 0x00000000fb200000, 0x0000000100000000)
  eden space 381952K, 99% used [0x00000000e0000000,0x00000000f74f0a78,0x00000000f7500000)
  from space 20992K, 99% used [0x00000000f8e80000,0x00000000fa2fe478,0x00000000fa300000)
  to   space 26112K, 0% used [0x00000000f7500000,0x00000000f7500000,0x00000000f8e80000)
 ParOldGen       total 137216K, used 58906K [0x00000000a0000000, 0x00000000a8600000, 0x00000000e0000000)
  object space 137216K, 42% used [0x00000000a0000000,0x00000000a39868a0,0x00000000a8600000)
 Metaspace       used 83962K, capacity 88136K, committed 88320K, reserved 1126400K
  class space    used 10804K, capacity 11736K, committed 11776K, reserved 1048576K
Event: 6869.659 GC heap after
Heap after GC invocations=18 (full 3):
 PSYoungGen      total 408064K, used 16380K [0x00000000e0000000, 0x0000000100000000, 0x0000000100000000)
  eden space 381952K, 0% used [0x00000000e0000000,0x00000000e0000000,0x00000000f7500000)
  from space 26112K, 62% used [0x00000000f7500000,0x00000000f84ff368,0x00000000f8e80000)
  to   space 26112K, 0% used [0x00000000fe680000,0x00000000fe680000,0x0000000100000000)
 ParOldGen       total 137216K, used 71327K [0x00000000a0000000, 0x00000000a8600000, 0x00000000e0000000)
  object space 137216K, 51% used [0x00000000a0000000,0x00000000a45a7fd0,0x00000000a8600000)
 Metaspace       used 83962K, capacity 88136K, committed 88320K, reserved 1126400K
  class space    used 10804K, capacity 11736K, committed 11776K, reserved 1048576K
}
Event: 6870.203 GC heap before
{Heap before GC invocations=19 (full 3):
 PSYoungGen      total 408064K, used 397628K [0x00000000e0000000, 0x0000000100000000, 0x0000000100000000)
  eden space 381952K, 99% used [0x00000000e0000000,0x00000000f744fcd0,0x00000000f7500000)
  from space 26112K, 62% used [0x00000000f7500000,0x00000000f84ff368,0x00000000f8e80000)
  to   space 26112K, 0% used [0x00000000fe680000,0x00000000fe680000,0x0000000100000000)
 ParOldGen       total 137216K, used 71327K [0x00000000a0000000, 0x00000000a8600000, 0x00000000e0000000)
  object space 137216K, 51% used [0x00000000a0000000,0x00000000a45a7fd0,0x00000000a8600000)
 Metaspace       used 84353K, capacity 88564K, committed 88704K, reserved 1126400K
  class space    used 10864K, capacity 11806K, committed 11904K, reserved 1048576K
Event: 6870.222 GC heap after
Heap after GC invocations=19 (full 3):
 PSYoungGen      total 497152K, used 17516K [0x00000000e0000000, 0x0000000100000000, 0x0000000100000000)
  eden space 471040K, 0% used [0x00000000e0000000,0x00000000e0000000,0x00000000fcc00000)
  from space 26112K, 67% used [0x00000000fe680000,0x00000000ff79b388,0x0000000100000000)
  to   space 26624K, 0% used [0x00000000fcc00000,0x00000000fcc00000,0x00000000fe600000)
 ParOldGen       total 137216K, used 71335K [0x00000000a0000000, 0x00000000a8600000, 0x00000000e0000000)
  object space 137216K, 51% used [0x00000000a0000000,0x00000000a45a9fd0,0x00000000a8600000)
 Metaspace       used 84353K, capacity 88564K, committed 88704K, reserved 1126400K
  class space    used 10864K, capacity 11806K, committed 11904K, reserved 1048576K
}

Deoptimization events (10 events):
Event: 6870.443 Thread 0x000000001fb16800 Uncommon trap: reason=bimorphic action=maybe_recompile pc=0x000000000578dc54 method=com.google.common.collect.Iterables.toArray(Ljava/lang/Iterable;[Ljava/lang/Object;)[Ljava/lang/Object; @ 7
Event: 7044.210 Thread 0x000000001fb14800 Uncommon trap: reason=class_check action=maybe_recompile pc=0x0000000005145ae8 method=com.google.common.collect.AbstractMapBasedMultimap$WrappedCollection.refreshIfEmpty()V @ 40
Event: 7044.235 Thread 0x000000001fb14800 Uncommon trap: reason=class_check action=maybe_recompile pc=0x0000000005fe10bc method=java.util.stream.ReferencePipeline.forEachWithCancel(Ljava/util/Spliterator;Ljava/util/stream/Sink;)V @ 1
Event: 7044.246 Thread 0x000000001fb14800 Uncommon trap: reason=class_check action=maybe_recompile pc=0x0000000005fe10bc method=java.util.stream.ReferencePipeline.forEachWithCancel(Ljava/util/Spliterator;Ljava/util/stream/Sink;)V @ 1
Event: 7044.264 Thread 0x000000001fb14800 Uncommon trap: reason=class_check action=maybe_recompile pc=0x0000000005fe10bc method=java.util.stream.ReferencePipeline.forEachWithCancel(Ljava/util/Spliterator;Ljava/util/stream/Sink;)V @ 1
Event: 7044.269 Thread 0x000000001fb14800 Uncommon trap: reason=class_check action=maybe_recompile pc=0x0000000005fe10bc method=java.util.stream.ReferencePipeline.forEachWithCancel(Ljava/util/Spliterator;Ljava/util/stream/Sink;)V @ 1
Event: 7045.153 Thread 0x000000001fb14800 Uncommon trap: reason=class_check action=maybe_recompile pc=0x0000000004edb80c method=com.google.common.collect.Sets$1.contains(Ljava/lang/Object;)Z @ 18
Event: 7045.253 Thread 0x000000001fb1f800 Uncommon trap: reason=predicate action=maybe_recompile pc=0x000000000357ee38 method=java.util.TimSort.reverseRange([Ljava/lang/Object;II)V @ 8
Event: 7045.271 Thread 0x000000001fb1f800 Uncommon trap: reason=speculate_class_check action=maybe_recompile pc=0x0000000004d61650 method=org.gradle.api.internal.changedetection.state.AbstractScalarValueSnapshot.equals(Ljava/lang/Object;)Z @ 25
Event: 7045.423 Thread 0x000000001fb1c800 Uncommon trap: reason=speculate_class_check action=maybe_recompile pc=0x0000000004d61650 method=org.gradle.api.internal.changedetection.state.AbstractScalarValueSnapshot.equals(Ljava/lang/Object;)Z @ 25

Classes redefined (0 events):
No events

Internal exceptions (10 events):
Event: 7044.204 Thread 0x000000001fb14800 Exception <a 'sun/nio/fs/WindowsException'> (0x00000000eb4b44a8) thrown at [D:\src\AOSP-openjdk-cygwin\jdk8u\hotspot\src\share\vm\prims\jni.cpp, line 709]
Event: 7044.204 Thread 0x000000001fb14800 Exception <a 'sun/nio/fs/WindowsException'> (0x00000000eb4b5140) thrown at [D:\src\AOSP-openjdk-cygwin\jdk8u\hotspot\src\share\vm\prims\jni.cpp, line 709]
Event: 7044.204 Thread 0x000000001fb14800 Exception <a 'sun/nio/fs/WindowsException'> (0x00000000eb4b8660) thrown at [D:\src\AOSP-openjdk-cygwin\jdk8u\hotspot\src\share\vm\prims\jni.cpp, line 709]
Event: 7044.204 Thread 0x000000001fb14800 Exception <a 'sun/nio/fs/WindowsException'> (0x00000000eb4b9240) thrown at [D:\src\AOSP-openjdk-cygwin\jdk8u\hotspot\src\share\vm\prims\jni.cpp, line 709]
Event: 7044.204 Thread 0x000000001fb14800 Exception <a 'sun/nio/fs/WindowsException'> (0x00000000eb4bae58) thrown at [D:\src\AOSP-openjdk-cygwin\jdk8u\hotspot\src\share\vm\prims\jni.cpp, line 709]
Event: 7044.204 Thread 0x000000001fb14800 Exception <a 'sun/nio/fs/WindowsException'> (0x00000000eb4bba78) thrown at [D:\src\AOSP-openjdk-cygwin\jdk8u\hotspot\src\share\vm\prims\jni.cpp, line 709]
Event: 7044.204 Thread 0x000000001fb14800 Exception <a 'sun/nio/fs/WindowsException'> (0x00000000eb4be640) thrown at [D:\src\AOSP-openjdk-cygwin\jdk8u\hotspot\src\share\vm\prims\jni.cpp, line 709]
Event: 7044.204 Thread 0x000000001fb14800 Exception <a 'sun/nio/fs/WindowsException'> (0x00000000eb4bf298) thrown at [D:\src\AOSP-openjdk-cygwin\jdk8u\hotspot\src\share\vm\prims\jni.cpp, line 709]
Event: 7044.205 Thread 0x000000001fb14800 Exception <a 'sun/nio/fs/WindowsException'> (0x00000000eb4c0f28) thrown at [D:\src\AOSP-openjdk-cygwin\jdk8u\hotspot\src\share\vm\prims\jni.cpp, line 709]
Event: 7044.205 Thread 0x000000001fb14800 Exception <a 'sun/nio/fs/WindowsException'> (0x00000000eb4c1bc0) thrown at [D:\src\AOSP-openjdk-cygwin\jdk8u\hotspot\src\share\vm\prims\jni.cpp, line 709]

Events (10 events):
Event: 7045.253 Thread 0x000000001fb1f800 DEOPT PACKING pc=0x000000000357ee38 sp=0x000000003029dc70
Event: 7045.253 Thread 0x000000001fb1f800 DEOPT UNPACKING pc=0x00000000033b557b sp=0x000000003029db78 mode 2
Event: 7045.271 Thread 0x000000001fb1f800 Uncommon trap: trap_request=0xffffff76 fr.pc=0x0000000004d61650
Event: 7045.271 Thread 0x000000001fb1f800 DEOPT PACKING pc=0x0000000004d61650 sp=0x000000003029db60
Event: 7045.271 Thread 0x000000001fb1f800 DEOPT UNPACKING pc=0x00000000033b557b sp=0x000000003029db10 mode 2
Event: 7045.272 Executing VM operation: RevokeBias
Event: 7045.272 Executing VM operation: RevokeBias done
Event: 7045.423 Thread 0x000000001fb1c800 Uncommon trap: trap_request=0xffffff76 fr.pc=0x0000000004d61650
Event: 7045.423 Thread 0x000000001fb1c800 DEOPT PACKING pc=0x0000000004d61650 sp=0x000000003019dd00
Event: 7045.423 Thread 0x000000001fb1c800 DEOPT UNPACKING pc=0x00000000033b557b sp=0x000000003019dcb0 mode 2


Dynamic libraries:
0x00007ff686810000 - 0x00007ff686841000 	C:\Program Files\Android\Android Studio\jre\bin\java.exe
0x00007ff9eb2c0000 - 0x00007ff9eb4a1000 	C:\WINDOWS\SYSTEM32\ntdll.dll
0x00007ff9e99e0000 - 0x00007ff9e9a92000 	C:\WINDOWS\System32\KERNEL32.DLL
0x00007ff9e7aa0000 - 0x00007ff9e7d13000 	C:\WINDOWS\System32\KERNELBASE.dll
0x00007ff9e9d10000 - 0x00007ff9e9db1000 	C:\WINDOWS\System32\ADVAPI32.dll
0x00007ff9e8750000 - 0x00007ff9e87ee000 	C:\WINDOWS\System32\msvcrt.dll
0x00007ff9e8d40000 - 0x00007ff9e8d9b000 	C:\WINDOWS\System32\sechost.dll
0x00007ff9e9220000 - 0x00007ff9e9344000 	C:\WINDOWS\System32\RPCRT4.dll
0x00007ff9e9520000 - 0x00007ff9e96b0000 	C:\WINDOWS\System32\USER32.dll
0x00007ff9e8730000 - 0x00007ff9e8750000 	C:\WINDOWS\System32\win32u.dll
0x00007ff9eb260000 - 0x00007ff9eb288000 	C:\WINDOWS\System32\GDI32.dll
0x00007ff9e7900000 - 0x00007ff9e7a92000 	C:\WINDOWS\System32\gdi32full.dll
0x00007ff9e7760000 - 0x00007ff9e77ff000 	C:\WINDOWS\System32\msvcp_win.dll
0x00007ff9e7800000 - 0x00007ff9e78fa000 	C:\WINDOWS\System32\ucrtbase.dll
0x00007ff9d3c70000 - 0x00007ff9d3ed9000 	C:\WINDOWS\WinSxS\amd64_microsoft.windows.common-controls_6595b64144ccf1df_6.0.17134.285_none_fb4297e330656775\COMCTL32.dll
0x00007ff9e88a0000 - 0x00007ff9e8bc3000 	C:\WINDOWS\System32\combase.dll
0x00007ff9e7690000 - 0x00007ff9e770a000 	C:\WINDOWS\System32\bcryptPrimitives.dll
0x00007ff9e8da0000 - 0x00007ff9e8dcd000 	C:\WINDOWS\System32\IMM32.DLL
0x00000000755c0000 - 0x0000000075692000 	C:\Program Files\Android\Android Studio\jre\jre\bin\msvcr100.dll
0x00000000756a0000 - 0x0000000075ee1000 	C:\Program Files\Android\Android Studio\jre\jre\bin\server\jvm.dll
0x00007ff9e8bd0000 - 0x00007ff9e8bd8000 	C:\WINDOWS\System32\PSAPI.DLL
0x00007ff9e4470000 - 0x00007ff9e4493000 	C:\WINDOWS\SYSTEM32\WINMM.dll
0x00007ff9dc3f0000 - 0x00007ff9dc3fa000 	C:\WINDOWS\SYSTEM32\VERSION.dll
0x00007ff9e41c0000 - 0x00007ff9e41c9000 	C:\WINDOWS\SYSTEM32\WSOCK32.dll
0x00007ff9e9970000 - 0x00007ff9e99dc000 	C:\WINDOWS\System32\WS2_32.dll
0x00007ff9e4440000 - 0x00007ff9e446a000 	C:\WINDOWS\SYSTEM32\WINMMBASE.dll
0x00007ff9e7710000 - 0x00007ff9e7759000 	C:\WINDOWS\System32\cfgmgr32.dll
0x00007ff9e3df0000 - 0x00007ff9e3dff000 	C:\Program Files\Android\Android Studio\jre\jre\bin\verify.dll
0x00007ff9e1b40000 - 0x00007ff9e1b69000 	C:\Program Files\Android\Android Studio\jre\jre\bin\java.dll
0x00007ff9e1b20000 - 0x00007ff9e1b36000 	C:\Program Files\Android\Android Studio\jre\jre\bin\zip.dll
0x00007ff9e9dc0000 - 0x00007ff9eb200000 	C:\WINDOWS\System32\SHELL32.dll
0x00007ff9e98b0000 - 0x00007ff9e9959000 	C:\WINDOWS\System32\shcore.dll
0x00007ff9e8020000 - 0x00007ff9e872d000 	C:\WINDOWS\System32\windows.storage.dll
0x00007ff9e9460000 - 0x00007ff9e94b1000 	C:\WINDOWS\System32\shlwapi.dll
0x00007ff9e7650000 - 0x00007ff9e7661000 	C:\WINDOWS\System32\kernel.appcore.dll
0x00007ff9e7670000 - 0x00007ff9e768f000 	C:\WINDOWS\System32\profapi.dll
0x00007ff9e75f0000 - 0x00007ff9e763c000 	C:\WINDOWS\System32\powrprof.dll
0x00007ff9e7640000 - 0x00007ff9e764a000 	C:\WINDOWS\System32\FLTLIB.DLL
0x00007ff9e1a60000 - 0x00007ff9e1a7a000 	C:\Program Files\Android\Android Studio\jre\jre\bin\net.dll
0x00007ff9e6df0000 - 0x00007ff9e6e56000 	C:\WINDOWS\system32\mswsock.dll
0x00007ff9e1960000 - 0x00007ff9e1971000 	C:\Program Files\Android\Android Studio\jre\jre\bin\nio.dll
0x00007ff9df090000 - 0x00007ff9df0ae000 	C:\Users\redbe\.gradle\native\25\windows-amd64\native-platform.dll
0x00007ff9e24d0000 - 0x00007ff9e24dd000 	C:\Program Files\Android\Android Studio\jre\jre\bin\management.dll
0x00007ff9e6fa0000 - 0x00007ff9e6fb7000 	C:\WINDOWS\SYSTEM32\CRYPTSP.dll
0x00007ff9e69d0000 - 0x00007ff9e6a03000 	C:\WINDOWS\system32\rsaenh.dll
0x00007ff9e7130000 - 0x00007ff9e7155000 	C:\WINDOWS\SYSTEM32\bcrypt.dll
0x00007ff9e7500000 - 0x00007ff9e7528000 	C:\WINDOWS\SYSTEM32\USERENV.dll
0x00007ff9e6fc0000 - 0x00007ff9e6fcb000 	C:\WINDOWS\SYSTEM32\CRYPTBASE.dll
0x00007ff9e6b70000 - 0x00007ff9e6ba8000 	C:\WINDOWS\SYSTEM32\IPHLPAPI.DLL
0x00007ff9e9960000 - 0x00007ff9e9968000 	C:\WINDOWS\System32\NSI.dll
0x00007ff9df1e0000 - 0x00007ff9df1f6000 	C:\WINDOWS\SYSTEM32\dhcpcsvc6.DLL
0x00007ff9df1c0000 - 0x00007ff9df1da000 	C:\WINDOWS\SYSTEM32\dhcpcsvc.DLL

VM Arguments:
jvm_args: -Xmx1536m -Dfile.encoding=windows-1258 -Duser.country=GB -Duser.language=en -Duser.variant 
java_command: org.gradle.launcher.daemon.bootstrap.GradleDaemon 4.4
java_class_path (initial): C:\Users\redbe\.gradle\wrapper\dists\gradle-4.4-all\9br9xq1tocpiv8o6njlyu5op1\gradle-4.4\lib\gradle-launcher-4.4.jar
Launcher Type: SUN_STANDARD

Environment Variables:
JAVA_HOME=C:\Program Files\Java\jdk1.8.0_131
PATH=C:\Program Files (x86)\Common Files\Oracle\Java\javapath;C:\Program Files (x86)\Intel\iCLS Client\;C:\Program Files\Intel\iCLS Client\;C:\WINDOWS\system32;C:\WINDOWS;C:\WINDOWS\System32\Wbem;C:\WINDOWS\System32\WindowsPowerShell\v1.0\;C:\Program Files\Intel\Intel(R) Management Engine Components\DAL;C:\Program Files\Intel\Intel(R) Management Engine Components\IPT;C:\Program Files (x86)\Intel\Intel(R) Management Engine Components\DAL;C:\Program Files (x86)\Intel\Intel(R) Management Engine Components\IPT;C:\Program Files (x86)\AMD\ATI.ACE\Core-Static;C:\Program Files (x86)\Skype\Phone\;C:\Program Files (x86)\Microsoft SQL Server\100\Tools\Binn\;C:\Program Files\Microsoft SQL Server\100\Tools\Binn\;C:\Program Files\Microsoft SQL Server\100\DTS\Binn\;C:\Program Files\Microsoft SQL Server\110\Tools\Binn\;C:\Program Files\Microsoft SQL Server\120\Tools\Binn\;D:\Downloads\platform-tools-latest-windows\platform-tools;C:\Program Files\Microsoft SQL Server\Client SDK\ODBC\110\Tools\Binn\;C:\Program Files (x86)\Microsoft SQL Server\120\Tools\Binn\;C:\Program Files\Microsoft SQL Server\120\DTS\Binn\;C:\Program Files (x86)\Microsoft SQL Server\120\Tools\Binn\ManagementStudio\;C:\Program Files (x86)\Microsoft SQL Server\120\DTS\Binn\;C:\Program Files\Microsoft SQL Server\130\Tools\Binn\;C:\WINDOWS\System32\OpenSSH\;C:\Program Files\dotnet\;C:\Program Files\Microsoft VS Code\bin;C:\Users\redbe\AppData\Local\Microsoft\WindowsApps;C:\Users\redbe\AppData\Local\GitHubDesktop\bin;C:\Users\redbe\AppData\Local\Microsoft\WindowsApps
USERNAME=redbe
OS=Windows_NT
PROCESSOR_IDENTIFIER=Intel64 Family 6 Model 58 Stepping 9, GenuineIntel



---------------  S Y S T E M  ---------------

OS: Windows 10.0 , 64 bit Build 17134 (10.0.17134.1)

CPU:total 4 (initial active 4) (2 cores per cpu, 2 threads per core) family 6 model 58 stepping 9, cmov, cx8, fxsr, mmx, sse, sse2, sse3, ssse3, sse4.1, sse4.2, popcnt, avx, aes, clmul, erms, ht, tsc, tscinvbit, tscinv

Memory: 4k page, physical 8254744k(962388k free), swap 10351896k(9948k free)

vm_info: OpenJDK 64-Bit Server VM (25.152-b06) for windows-amd64 JRE (1.8.0_152-release-1136-b06), built by "builder" with MS VC++ 10.0 (VS2010)

time: Thu Sep 27 00:48:20 2018
elapsed time: 7045 seconds (0d 1h 57m 25s)

